[35m[Appium][39m Welcome to Appium v1.22.3
[35m[Appium][39m Non-default server args:
[35m[Appium][39m   port: 58504
[35m[Appium][39m   loglevel: info
[35m[Appium][39m   tmpDir: C:\Users\abhis\AppData\Local\Temp\\Katalon\Appium\Temp1654152189698
[35m[Appium][39m   chromedriverPort: 58507
[35m[Appium][39m Deprecated server args:
[35m[Appium][39m   [31m--chromedriver-port[39m => --default-capabilities
[35m[Appium][39m Default capabilities, which will be added to each request unless overridden by desired capabilities:
[35m[Appium][39m   chromedriverPort: 58507
[35m[Appium][39m Appium REST http interface listener started on 0.0.0.0:58504
[35m[HTTP][39m [37m-->[39m [37mGET[39m [37m/wd/hub/status[39m
[35m[HTTP][39m [90m{}[39m
[35m[HTTP][39m [37m<-- GET /wd/hub/status [39m[32m200[39m [90m5 ms - 68[39m
[35m[HTTP][39m [90m[39m
[35m[HTTP][39m [37m-->[39m [37mGET[39m [37m/wd/hub/status[39m
[35m[HTTP][39m [90m{}[39m
[35m[HTTP][39m [37m<-- GET /wd/hub/status [39m[32m200[39m [90m1 ms - 68[39m
[35m[HTTP][39m [90m[39m
[35m[HTTP][39m [37m-->[39m [37mPOST[39m [37m/wd/hub/session[39m
[35m[HTTP][39m [90m{"desiredCapabilities":{"appPackage":"com.android.settings","deviceId":"R58M43DDCHH","deviceName":"samsung SM-F711B (Android 12)","platform":"ANDROID","appActivity":".Settings","newCommandTimeout":1800,"platformVersion":"12","automationName":"uiautomator2","autoGrantPermissions":true,"platformName":"Android","udid":"R5CR82PMLEF","systemPort":8274},"capabilities":{"firstMatch":[{"appium:appActivity":".Settings","appium:appPackage":"com.android.settings","appium:autoGrantPermissions":true,"appium:automationName":"uiautomator2","deviceId":"R58M43DDCHH","appium:deviceName":"samsung SM-F711B (Android 12)","appium:newCommandTimeout":1800,"platform":"ANDROID","platformName":"android","appium:platformVersion":"12","appium:systemPort":8274,"appium:udid":"R5CR82PMLEF"}]}}[39m
[35m[BaseDriver][39m The following capabilities are not standard capabilities and should have an extension prefix:
[35m[BaseDriver][39m   deviceId
[35m[BaseDriver][39m   platform
[35m[BaseDriver][39m   chromedriverPort
[35m[Appium][39m Appium v1.22.3 creating new AndroidUiautomator2Driver (v1.70.1) session
[35m[BaseDriver][39m The following capabilities were provided, but are not recognized by Appium:
[35m[BaseDriver][39m   deviceId
[35m[BaseDriver][39m   platform
[35m[BaseDriver][39m Session created with session id: 0588113d-b70a-4606-aa89-cb218a510778
[35m[UiAutomator2][39m Starting 'com.android.settings' directly on the device
[35m[ADB][39m Found 1 'build-tools' folders under 'C:\Users\abhis\AppData\Local\Android\Sdk' (newest first):
[35m[ADB][39m     C:/Users/abhis/AppData/Local/Android/Sdk/build-tools/31.0.0
[35m[ADB][39m Using 'adb.exe' from 'C:\Users\abhis\AppData\Local\Android\Sdk\platform-tools\adb.exe'
[35m[AndroidDriver][39m Retrieving device list
[35m[AndroidDriver][39m Using device: R5CR82PMLEF
[35m[ADB][39m Using 'adb.exe' from 'C:\Users\abhis\AppData\Local\Android\Sdk\platform-tools\adb.exe'
[35m[ADB][39m Getting device platform version
[35m[UiAutomator2][39m Relaxing hidden api policy
[35m[AndroidDriver][39m No app sent in, not parsing package/activity
[35m[ADB][39m Using 'apksigner.jar' from 'C:\Users\abhis\AppData\Local\Android\Sdk\build-tools\31.0.0\lib\apksigner.jar'
[35m[ADB][39m 'C:\Users\abhis\AppData\Roaming\npm\node_modules\appium\node_modules\appium-uiautomator2-server\apks\appium-uiautomator2-server-v4.27.0.apk' is signed with the default certificate
[35m[ADB][39m 'C:\Users\abhis\AppData\Roaming\npm\node_modules\appium\node_modules\appium-uiautomator2-server\apks\appium-uiautomator2-server-debug-androidTest.apk' is signed with the default certificate
[35m[UiAutomator2][39m Server packages are not going to be (re)installed
[35m[ADB][39m Adding packages ["io.appium.settings","io.appium.uiautomator2.server","io.appium.uiautomator2.server.test"] to Doze whitelist
[35m[ADB][39m com.android.settings contains no permissions available for granting
[35m[UiAutomator2][39m Starting UIAutomator2 server 4.27.0
[35m[UiAutomator2][39m Using UIAutomator2 server from 'C:\Users\abhis\AppData\Roaming\npm\node_modules\appium\node_modules\appium-uiautomator2-server\apks\appium-uiautomator2-server-v4.27.0.apk' and test from 'C:\Users\abhis\AppData\Roaming\npm\node_modules\appium\node_modules\appium-uiautomator2-server\apks\appium-uiautomator2-server-debug-androidTest.apk'
[35m[UiAutomator2][39m Waiting up to 30000ms for UiAutomator2 to be online...
[35m[WD Proxy][39m socket hang up
[35m[WD Proxy][39m socket hang up
[35m[WD Proxy][39m socket hang up
[35m[WD Proxy][39m Determined the downstream protocol as 'W3C'
[35m[AndroidDriver][39m Screen already unlocked, doing nothing
[35m[UiAutomator2][39m Starting 'com.android.settings/.Settings and waiting for 'com.android.settings/.Settings'
[35m[Appium][39m New AndroidUiautomator2Driver session created successfully, session 0588113d-b70a-4606-aa89-cb218a510778 added to master session list
[35m[HTTP][39m [37m<-- POST /wd/hub/session [39m[32m200[39m [90m9261 ms - 1208[39m
[35m[HTTP][39m [90m[39m
[35m[HTTP][39m [37m-->[39m [37mGET[39m [37m/wd/hub/session/0588113d-b70a-4606-aa89-cb218a510778[39m
[35m[HTTP][39m [90m{}[39m
[35m[HTTP][39m [37m<-- GET /wd/hub/session/0588113d-b70a-4606-aa89-cb218a510778 [39m[32m200[39m [90m15 ms - 1162[39m
[35m[HTTP][39m [90m[39m
[35m[HTTP][39m [37m-->[39m [37mGET[39m [37m/wd/hub/session/0588113d-b70a-4606-aa89-cb218a510778[39m
[35m[HTTP][39m [90m{}[39m
[35m[HTTP][39m [37m<-- GET /wd/hub/session/0588113d-b70a-4606-aa89-cb218a510778 [39m[32m200[39m [90m14 ms - 1162[39m
[35m[HTTP][39m [90m[39m
[35m[HTTP][39m [37m-->[39m [37mGET[39m [37m/wd/hub/status[39m
[35m[HTTP][39m [90m{}[39m
[35m[HTTP][39m [37m<-- GET /wd/hub/status [39m[32m200[39m [90m1 ms - 68[39m
[35m[HTTP][39m [90m[39m
[35m[HTTP][39m [37m-->[39m [37mPOST[39m [37m/wd/hub/session/0588113d-b70a-4606-aa89-cb218a510778/timeouts[39m
[35m[HTTP][39m [90m{"implicit":60000}[39m
[35m[HTTP][39m [37m<-- POST /wd/hub/session/0588113d-b70a-4606-aa89-cb218a510778/timeouts [39m[32m200[39m [90m6 ms - 14[39m
[35m[HTTP][39m [90m[39m
[35m[HTTP][39m [37m-->[39m [37mGET[39m [37m/wd/hub/session/0588113d-b70a-4606-aa89-cb218a510778/screenshot[39m
[35m[HTTP][39m [90m{}[39m
[35m[HTTP][39m [37m<-- GET /wd/hub/session/0588113d-b70a-4606-aa89-cb218a510778/screenshot [39m[32m200[39m [90m413 ms - 210678[39m
[35m[HTTP][39m [90m[39m
[35m[HTTP][39m [37m-->[39m [37mGET[39m [37m/wd/hub/session/0588113d-b70a-4606-aa89-cb218a510778/window/rect[39m
[35m[HTTP][39m [90m{}[39m
[35m[HTTP][39m [37m<-- GET /wd/hub/session/0588113d-b70a-4606-aa89-cb218a510778/window/rect [39m[32m200[39m [90m26 ms - 50[39m
[35m[HTTP][39m [90m[39m
[35m[HTTP][39m [37m-->[39m [37mGET[39m [37m/wd/hub/session/0588113d-b70a-4606-aa89-cb218a510778/appium/device/system_bars[39m
[35m[HTTP][39m [90m{}[39m
[35m[HTTP][39m [37m<-- GET /wd/hub/session/0588113d-b70a-4606-aa89-cb218a510778/appium/device/system_bars [39m[32m200[39m [90m205 ms - 145[39m
[35m[HTTP][39m [90m[39m
[35m[HTTP][39m [37m-->[39m [37mPOST[39m [37m/wd/hub/session/0588113d-b70a-4606-aa89-cb218a510778/appium/device/activate_app[39m
[35m[HTTP][39m [90m{"bundleId":"com.duncansolutions.pemsautoissue"}[39m
[35m[HTTP][39m [37m<-- POST /wd/hub/session/0588113d-b70a-4606-aa89-cb218a510778/appium/device/activate_app [39m[32m200[39m [90m536 ms - 14[39m
[35m[HTTP][39m [90m[39m
[35m[HTTP][39m [37m-->[39m [37mGET[39m [37m/wd/hub/session/0588113d-b70a-4606-aa89-cb218a510778/source[39m
[35m[HTTP][39m [90m{}[39m
[35m[W3C (0588113d)][39m Driver proxy active, passing request on via HTTP proxy
[35m[WD Proxy][39m Replacing sessionId f4fbb672-70fb-4e72-81c1-7e025b40e598 with 0588113d-b70a-4606-aa89-cb218a510778
[35m[HTTP][39m [37m<-- GET /wd/hub/session/0588113d-b70a-4606-aa89-cb218a510778/source [39m[32m200[39m [90m111 ms - 4268[39m
[35m[HTTP][39m [90m[39m
[35m[HTTP][39m [37m-->[39m [37mGET[39m [37m/wd/hub/session/0588113d-b70a-4606-aa89-cb218a510778/screenshot[39m
[35m[HTTP][39m [90m{}[39m
[35m[HTTP][39m [37m<-- GET /wd/hub/session/0588113d-b70a-4606-aa89-cb218a510778/screenshot [39m[32m200[39m [90m410 ms - 109512[39m
[35m[HTTP][39m [90m[39m
[35m[HTTP][39m [37m-->[39m [37mGET[39m [37m/wd/hub/session/0588113d-b70a-4606-aa89-cb218a510778/source[39m
[35m[HTTP][39m [90m{}[39m
[35m[W3C (0588113d)][39m Driver proxy active, passing request on via HTTP proxy
[35m[WD Proxy][39m Replacing sessionId f4fbb672-70fb-4e72-81c1-7e025b40e598 with 0588113d-b70a-4606-aa89-cb218a510778
[35m[HTTP][39m [37m<-- GET /wd/hub/session/0588113d-b70a-4606-aa89-cb218a510778/source [39m[32m200[39m [90m150 ms - 11184[39m
[35m[HTTP][39m [90m[39m
[35m[HTTP][39m [37m-->[39m [37mGET[39m [37m/wd/hub/session/0588113d-b70a-4606-aa89-cb218a510778/screenshot[39m
[35m[HTTP][39m [90m{}[39m
[35m[HTTP][39m [37m<-- GET /wd/hub/session/0588113d-b70a-4606-aa89-cb218a510778/screenshot [39m[32m200[39m [90m477 ms - 225888[39m
[35m[HTTP][39m [90m[39m
[35m[HTTP][39m [37m-->[39m [37mGET[39m [37m/wd/hub/session/0588113d-b70a-4606-aa89-cb218a510778/source[39m
[35m[HTTP][39m [90m{}[39m
[35m[W3C (0588113d)][39m Driver proxy active, passing request on via HTTP proxy
[35m[WD Proxy][39m Replacing sessionId f4fbb672-70fb-4e72-81c1-7e025b40e598 with 0588113d-b70a-4606-aa89-cb218a510778
[35m[HTTP][39m [37m<-- GET /wd/hub/session/0588113d-b70a-4606-aa89-cb218a510778/source [39m[32m200[39m [90m240 ms - 32160[39m
[35m[HTTP][39m [90m[39m
[35m[HTTP][39m [37m-->[39m [37mGET[39m [37m/wd/hub/session/0588113d-b70a-4606-aa89-cb218a510778/screenshot[39m
[35m[HTTP][39m [90m{}[39m
[35m[HTTP][39m [37m<-- GET /wd/hub/session/0588113d-b70a-4606-aa89-cb218a510778/screenshot [39m[32m200[39m [90m438 ms - 150718[39m
[35m[HTTP][39m [90m[39m
[35m[HTTP][39m [37m-->[39m [37mGET[39m [37m/wd/hub/session/0588113d-b70a-4606-aa89-cb218a510778/source[39m
[35m[HTTP][39m [90m{}[39m
[35m[W3C (0588113d)][39m Driver proxy active, passing request on via HTTP proxy
[35m[WD Proxy][39m Replacing sessionId f4fbb672-70fb-4e72-81c1-7e025b40e598 with 0588113d-b70a-4606-aa89-cb218a510778
[35m[HTTP][39m [37m<-- GET /wd/hub/session/0588113d-b70a-4606-aa89-cb218a510778/source [39m[32m200[39m [90m561 ms - 39224[39m
[35m[HTTP][39m [90m[39m
[35m[HTTP][39m [37m-->[39m [37mGET[39m [37m/wd/hub/session/0588113d-b70a-4606-aa89-cb218a510778/screenshot[39m
[35m[HTTP][39m [90m{}[39m
[35m[HTTP][39m [37m<-- GET /wd/hub/session/0588113d-b70a-4606-aa89-cb218a510778/screenshot [39m[32m200[39m [90m455 ms - 182446[39m
[35m[HTTP][39m [90m[39m
[35m[HTTP][39m [37m-->[39m [37mPOST[39m [37m/wd/hub/session/0588113d-b70a-4606-aa89-cb218a510778/elements[39m
[35m[HTTP][39m [90m{"using":"xpath","value":"//*[@class = 'android.widget.AutoCompleteTextView' and (@text = '' or . = '')]"}[39m
[35m[HTTP][39m [37m<-- POST /wd/hub/session/0588113d-b70a-4606-aa89-cb218a510778/elements [39m[32m200[39m [90m756 ms - 139[39m
[35m[HTTP][39m [90m[39m
[35m[HTTP][39m [37m-->[39m [37mGET[39m [37m/wd/hub/session/0588113d-b70a-4606-aa89-cb218a510778/window/rect[39m
[35m[HTTP][39m [90m{}[39m
[35m[HTTP][39m [37m<-- GET /wd/hub/session/0588113d-b70a-4606-aa89-cb218a510778/window/rect [39m[32m200[39m [90m21 ms - 50[39m
[35m[HTTP][39m [90m[39m
[35m[HTTP][39m [37m-->[39m [37mPOST[39m [37m/wd/hub/session/0588113d-b70a-4606-aa89-cb218a510778/elements[39m
[35m[HTTP][39m [90m{"using":"xpath","value":"//*[@class = 'android.widget.AutoCompleteTextView' and (@text = '' or . = '')]"}[39m
[35m[HTTP][39m [37m<-- POST /wd/hub/session/0588113d-b70a-4606-aa89-cb218a510778/elements [39m[32m200[39m [90m465 ms - 139[39m
[35m[HTTP][39m [90m[39m
[35m[HTTP][39m [37m-->[39m [37mGET[39m [37m/wd/hub/session/0588113d-b70a-4606-aa89-cb218a510778/element/00000000-0000-0026-ffff-ffff00000197/location[39m
[35m[HTTP][39m [90m{}[39m
[35m[W3C (0588113d)][39m Driver proxy active, passing request on via HTTP proxy
[35m[WD Proxy][39m Replacing sessionId f4fbb672-70fb-4e72-81c1-7e025b40e598 with 0588113d-b70a-4606-aa89-cb218a510778
[35m[HTTP][39m [37m<-- GET /wd/hub/session/0588113d-b70a-4606-aa89-cb218a510778/element/00000000-0000-0026-ffff-ffff00000197/location [39m[32m200[39m [90m36 ms - 78[39m
[35m[HTTP][39m [90m[39m
[35m[HTTP][39m [37m-->[39m [37mPOST[39m [37m/wd/hub/session/0588113d-b70a-4606-aa89-cb218a510778/touch/perform[39m
[35m[HTTP][39m [90m{"actions":[{"action":"longPress","options":{"element":"00000000-0000-0026-ffff-ffff00000197"}},{"action":"release","options":{}}]}[39m
[35m[UiAutomator2][39m calling get location: 00000000-0000-0026-ffff-ffff00000197
[35m[HTTP][39m [37m<-- POST /wd/hub/session/0588113d-b70a-4606-aa89-cb218a510778/touch/perform [39m[32m200[39m [90m2774 ms - 14[39m
[35m[HTTP][39m [90m[39m
[35m[HTTP][39m [37m-->[39m [37mGET[39m [37m/wd/hub/session/0588113d-b70a-4606-aa89-cb218a510778/source[39m
[35m[HTTP][39m [90m{}[39m
[35m[W3C (0588113d)][39m Driver proxy active, passing request on via HTTP proxy
[35m[WD Proxy][39m Replacing sessionId f4fbb672-70fb-4e72-81c1-7e025b40e598 with 0588113d-b70a-4606-aa89-cb218a510778
[35m[HTTP][39m [37m<-- GET /wd/hub/session/0588113d-b70a-4606-aa89-cb218a510778/source [39m[32m200[39m [90m673 ms - 18764[39m
[35m[HTTP][39m [90m[39m
[35m[HTTP][39m [37m-->[39m [37mGET[39m [37m/wd/hub/session/0588113d-b70a-4606-aa89-cb218a510778/screenshot[39m
[35m[HTTP][39m [90m{}[39m
[35m[HTTP][39m [37m<-- GET /wd/hub/session/0588113d-b70a-4606-aa89-cb218a510778/screenshot [39m[32m200[39m [90m464 ms - 410572[39m
[35m[HTTP][39m [90m[39m
[35m[HTTP][39m [37m-->[39m [37mPOST[39m [37m/wd/hub/session/0588113d-b70a-4606-aa89-cb218a510778/elements[39m
[35m[HTTP][39m [90m{"using":"xpath","value":"//*[@class = 'android.widget.AutoCompleteTextView' and (@text = '' or . = '')]"}[39m
[35m[HTTP][39m [37m<-- POST /wd/hub/session/0588113d-b70a-4606-aa89-cb218a510778/elements [39m[32m200[39m [90m216 ms - 139[39m
[35m[HTTP][39m [90m[39m
[35m[HTTP][39m [37m-->[39m [37mGET[39m [37m/wd/hub/session/0588113d-b70a-4606-aa89-cb218a510778/window/rect[39m
[35m[HTTP][39m [90m{}[39m
[35m[HTTP][39m [37m<-- GET /wd/hub/session/0588113d-b70a-4606-aa89-cb218a510778/window/rect [39m[32m200[39m [90m20 ms - 50[39m
[35m[HTTP][39m [90m[39m
[35m[HTTP][39m [37m-->[39m [37mPOST[39m [37m/wd/hub/session/0588113d-b70a-4606-aa89-cb218a510778/elements[39m
[35m[HTTP][39m [90m{"using":"xpath","value":"//*[@class = 'android.widget.AutoCompleteTextView' and (@text = '' or . = '')]"}[39m
[35m[HTTP][39m [37m<-- POST /wd/hub/session/0588113d-b70a-4606-aa89-cb218a510778/elements [39m[32m200[39m [90m168 ms - 139[39m
[35m[HTTP][39m [90m[39m
[35m[HTTP][39m [37m-->[39m [37mGET[39m [37m/wd/hub/session/0588113d-b70a-4606-aa89-cb218a510778/element/00000000-0000-0026-ffff-ffff00000197/location[39m
[35m[HTTP][39m [90m{}[39m
[35m[W3C (0588113d)][39m Driver proxy active, passing request on via HTTP proxy
[35m[WD Proxy][39m Replacing sessionId f4fbb672-70fb-4e72-81c1-7e025b40e598 with 0588113d-b70a-4606-aa89-cb218a510778
[35m[HTTP][39m [37m<-- GET /wd/hub/session/0588113d-b70a-4606-aa89-cb218a510778/element/00000000-0000-0026-ffff-ffff00000197/location [39m[32m200[39m [90m481 ms - 78[39m
[35m[HTTP][39m [90m[39m
[35m[HTTP][39m [37m-->[39m [37mPOST[39m [37m/wd/hub/session/0588113d-b70a-4606-aa89-cb218a510778/element/00000000-0000-0026-ffff-ffff00000197/clear[39m
[35m[HTTP][39m [90m{"id":"00000000-0000-0026-ffff-ffff00000197"}[39m
[35m[HTTP][39m [37m<-- POST /wd/hub/session/0588113d-b70a-4606-aa89-cb218a510778/element/00000000-0000-0026-ffff-ffff00000197/clear [39m[32m200[39m [90m125 ms - 14[39m
[35m[HTTP][39m [90m[39m
[35m[HTTP][39m [37m-->[39m [37mPOST[39m [37m/wd/hub/session/0588113d-b70a-4606-aa89-cb218a510778/element/00000000-0000-0026-ffff-ffff00000197/value[39m
[35m[HTTP][39m [90m{"id":"00000000-0000-0026-ffff-ffff00000197","text":"704","value":["7","0","4"]}[39m
[35m[HTTP][39m [37m<-- POST /wd/hub/session/0588113d-b70a-4606-aa89-cb218a510778/element/00000000-0000-0026-ffff-ffff00000197/value [39m[32m200[39m [90m1934 ms - 14[39m
[35m[HTTP][39m [90m[39m
[35m[HTTP][39m [37m-->[39m [37mGET[39m [37m/wd/hub/session/0588113d-b70a-4606-aa89-cb218a510778/source[39m
[35m[HTTP][39m [90m{}[39m
[35m[W3C (0588113d)][39m Driver proxy active, passing request on via HTTP proxy
[35m[WD Proxy][39m Replacing sessionId f4fbb672-70fb-4e72-81c1-7e025b40e598 with 0588113d-b70a-4606-aa89-cb218a510778
[35m[HTTP][39m [37m<-- GET /wd/hub/session/0588113d-b70a-4606-aa89-cb218a510778/source [39m[32m200[39m [90m552 ms - 39226[39m
[35m[HTTP][39m [90m[39m
[35m[HTTP][39m [37m-->[39m [37mGET[39m [37m/wd/hub/session/0588113d-b70a-4606-aa89-cb218a510778/screenshot[39m
[35m[HTTP][39m [90m{}[39m
[35m[HTTP][39m [37m<-- GET /wd/hub/session/0588113d-b70a-4606-aa89-cb218a510778/screenshot [39m[32m200[39m [90m428 ms - 205350[39m
[35m[HTTP][39m [90m[39m
[35m[HTTP][39m [37m-->[39m [37mPOST[39m [37m/wd/hub/session/0588113d-b70a-4606-aa89-cb218a510778/elements[39m
[35m[HTTP][39m [90m{"using":"xpath","value":"//*[@class = 'android.widget.FrameLayout' and (@text = '' or . = '')]"}[39m
[35m[HTTP][39m [37m<-- POST /wd/hub/session/0588113d-b70a-4606-aa89-cb218a510778/elements [39m[32m200[39m [90m945 ms - 1547[39m
[35m[HTTP][39m [90m[39m
[35m[HTTP][39m [37m-->[39m [37mPOST[39m [37m/wd/hub/session/0588113d-b70a-4606-aa89-cb218a510778/elements[39m
[35m[HTTP][39m [90m{"using":"-android uiautomator","value":"new UiSelector().className(\"android.widget.FrameLayout\")"}[39m
[35m[HTTP][39m [37m<-- POST /wd/hub/session/0588113d-b70a-4606-aa89-cb218a510778/elements [39m[32m200[39m [90m827 ms - 1547[39m
[35m[HTTP][39m [90m[39m
[35m[HTTP][39m [37m-->[39m [37mGET[39m [37m/wd/hub/session/0588113d-b70a-4606-aa89-cb218a510778/window/rect[39m
[35m[HTTP][39m [90m{}[39m
[35m[HTTP][39m [37m<-- GET /wd/hub/session/0588113d-b70a-4606-aa89-cb218a510778/window/rect [39m[32m200[39m [90m34 ms - 50[39m
[35m[HTTP][39m [90m[39m
[35m[HTTP][39m [37m-->[39m [37mPOST[39m [37m/wd/hub/session/0588113d-b70a-4606-aa89-cb218a510778/elements[39m
[35m[HTTP][39m [90m{"using":"xpath","value":"//hierarchy/android.widget.FrameLayout[1]/android.widget.LinearLayout[1]/android.widget.FrameLayout[1]/android.widget.FrameLayout[1]/android.widget.FrameLayout[1]/android.widget.RelativeLayout[1]/android.view.ViewGroup[1]/android.view.ViewGroup[1]/android.view.ViewGroup[1]/androidx.drawerlayout.widget.DrawerLayout[1]/android.view.ViewGroup[1]/android.view.ViewGroup[1]/android.view.ViewGroup[1]/android.view.ViewGroup[2]/android.view.ViewGroup[1]/android.view.ViewGroup[1]/android.view.ViewGroup[1]/android.widget.RelativeLayout[1]/androidx.viewpager.widget.ViewPager[1]/android.widget.ScrollView[1]/android.view.ViewGroup[1]/android.view.ViewGroup[1]/android.view.ViewGroup[1]/android.widget.FrameLayout[2]"}[39m
[35m[HTTP][39m [37m<-- POST /wd/hub/session/0588113d-b70a-4606-aa89-cb218a510778/elements [39m[32m200[39m [90m210 ms - 139[39m
[35m[HTTP][39m [90m[39m
[35m[HTTP][39m [37m-->[39m [37mGET[39m [37m/wd/hub/session/0588113d-b70a-4606-aa89-cb218a510778/element/00000000-0000-0026-ffff-ffff00000198/location[39m
[35m[HTTP][39m [90m{}[39m
[35m[W3C (0588113d)][39m Driver proxy active, passing request on via HTTP proxy
[35m[WD Proxy][39m Replacing sessionId f4fbb672-70fb-4e72-81c1-7e025b40e598 with 0588113d-b70a-4606-aa89-cb218a510778
[35m[HTTP][39m [37m<-- GET /wd/hub/session/0588113d-b70a-4606-aa89-cb218a510778/element/00000000-0000-0026-ffff-ffff00000198/location [39m[32m200[39m [90m639 ms - 77[39m
[35m[HTTP][39m [90m[39m
[35m[HTTP][39m [37m-->[39m [37mPOST[39m [37m/wd/hub/session/0588113d-b70a-4606-aa89-cb218a510778/element/00000000-0000-0026-ffff-ffff00000198/click[39m
[35m[HTTP][39m [90m{"id":"00000000-0000-0026-ffff-ffff00000198"}[39m
[35m[HTTP][39m [37m<-- POST /wd/hub/session/0588113d-b70a-4606-aa89-cb218a510778/element/00000000-0000-0026-ffff-ffff00000198/click [39m[32m200[39m [90m983 ms - 14[39m
[35m[HTTP][39m [90m[39m
[35m[HTTP][39m [37m-->[39m [37mGET[39m [37m/wd/hub/session/0588113d-b70a-4606-aa89-cb218a510778/source[39m
[35m[HTTP][39m [90m{}[39m
[35m[W3C (0588113d)][39m Driver proxy active, passing request on via HTTP proxy
[35m[WD Proxy][39m Replacing sessionId f4fbb672-70fb-4e72-81c1-7e025b40e598 with 0588113d-b70a-4606-aa89-cb218a510778
[35m[HTTP][39m [37m<-- GET /wd/hub/session/0588113d-b70a-4606-aa89-cb218a510778/source [39m[32m200[39m [90m605 ms - 39227[39m
[35m[HTTP][39m [90m[39m
[35m[HTTP][39m [37m-->[39m [37mGET[39m [37m/wd/hub/session/0588113d-b70a-4606-aa89-cb218a510778/screenshot[39m
[35m[HTTP][39m [90m{}[39m
[35m[HTTP][39m [37m<-- GET /wd/hub/session/0588113d-b70a-4606-aa89-cb218a510778/screenshot [39m[32m200[39m [90m439 ms - 186120[39m
[35m[HTTP][39m [90m[39m
[35m[HTTP][39m [37m-->[39m [37mGET[39m [37m/wd/hub/session/0588113d-b70a-4606-aa89-cb218a510778/source[39m
[35m[HTTP][39m [90m{}[39m
[35m[W3C (0588113d)][39m Driver proxy active, passing request on via HTTP proxy
[35m[WD Proxy][39m Replacing sessionId f4fbb672-70fb-4e72-81c1-7e025b40e598 with 0588113d-b70a-4606-aa89-cb218a510778
[35m[HTTP][39m [37m<-- GET /wd/hub/session/0588113d-b70a-4606-aa89-cb218a510778/source [39m[32m200[39m [90m658 ms - 35775[39m
[35m[HTTP][39m [90m[39m
[35m[HTTP][39m [37m-->[39m [37mGET[39m [37m/wd/hub/session/0588113d-b70a-4606-aa89-cb218a510778/screenshot[39m
[35m[HTTP][39m [90m{}[39m
[35m[HTTP][39m [37m<-- GET /wd/hub/session/0588113d-b70a-4606-aa89-cb218a510778/screenshot [39m[32m200[39m [90m481 ms - 282418[39m
[35m[HTTP][39m [90m[39m
[35m[HTTP][39m [37m-->[39m [37mGET[39m [37m/wd/hub/session/0588113d-b70a-4606-aa89-cb218a510778/source[39m
[35m[HTTP][39m [90m{}[39m
[35m[W3C (0588113d)][39m Driver proxy active, passing request on via HTTP proxy
[35m[WD Proxy][39m Replacing sessionId f4fbb672-70fb-4e72-81c1-7e025b40e598 with 0588113d-b70a-4606-aa89-cb218a510778
[35m[HTTP][39m [37m<-- GET /wd/hub/session/0588113d-b70a-4606-aa89-cb218a510778/source [39m[32m200[39m [90m178 ms - 33374[39m
[35m[HTTP][39m [90m[39m
[35m[HTTP][39m [37m-->[39m [37mGET[39m [37m/wd/hub/session/0588113d-b70a-4606-aa89-cb218a510778/screenshot[39m
[35m[HTTP][39m [90m{}[39m
[35m[HTTP][39m [37m<-- GET /wd/hub/session/0588113d-b70a-4606-aa89-cb218a510778/screenshot [39m[32m200[39m [90m481 ms - 240018[39m
[35m[HTTP][39m [90m[39m
[35m[HTTP][39m [37m-->[39m [37mPOST[39m [37m/wd/hub/session/0588113d-b70a-4606-aa89-cb218a510778/elements[39m
[35m[HTTP][39m [90m{"using":"xpath","value":"//*[@class = 'android.widget.FrameLayout' and (@text = '' or . = '')]"}[39m
[35m[HTTP][39m [37m<-- POST /wd/hub/session/0588113d-b70a-4606-aa89-cb218a510778/elements [39m[32m200[39m [90m227 ms - 1291[39m
[35m[HTTP][39m [90m[39m
[35m[HTTP][39m [37m-->[39m [37mPOST[39m [37m/wd/hub/session/0588113d-b70a-4606-aa89-cb218a510778/elements[39m
[35m[HTTP][39m [90m{"using":"-android uiautomator","value":"new UiSelector().className(\"android.widget.FrameLayout\")"}[39m
[35m[HTTP][39m [37m<-- POST /wd/hub/session/0588113d-b70a-4606-aa89-cb218a510778/elements [39m[32m200[39m [90m143 ms - 1291[39m
[35m[HTTP][39m [90m[39m
[35m[HTTP][39m [37m-->[39m [37mGET[39m [37m/wd/hub/session/0588113d-b70a-4606-aa89-cb218a510778/window/rect[39m
[35m[HTTP][39m [90m{}[39m
[35m[HTTP][39m [37m<-- GET /wd/hub/session/0588113d-b70a-4606-aa89-cb218a510778/window/rect [39m[32m200[39m [90m25 ms - 50[39m
[35m[HTTP][39m [90m[39m
[35m[HTTP][39m [37m-->[39m [37mPOST[39m [37m/wd/hub/session/0588113d-b70a-4606-aa89-cb218a510778/elements[39m
[35m[HTTP][39m [90m{"using":"xpath","value":"//hierarchy/android.widget.FrameLayout[1]/android.widget.LinearLayout[1]/android.widget.FrameLayout[1]/android.widget.FrameLayout[1]/android.widget.FrameLayout[1]/android.widget.RelativeLayout[1]/android.view.ViewGroup[1]/android.view.ViewGroup[1]/android.view.ViewGroup[1]/androidx.drawerlayout.widget.DrawerLayout[1]/android.view.ViewGroup[1]/android.view.ViewGroup[1]/android.view.ViewGroup[1]/android.view.ViewGroup[2]/android.view.ViewGroup[1]/android.view.ViewGroup[1]/android.view.ViewGroup[1]/android.widget.RelativeLayout[1]/androidx.viewpager.widget.ViewPager[1]/android.widget.ScrollView[1]/android.view.ViewGroup[1]/android.view.ViewGroup[1]/android.view.ViewGroup[1]/android.widget.FrameLayout[4]"}[39m
[35m[HTTP][39m [37m<-- POST /wd/hub/session/0588113d-b70a-4606-aa89-cb218a510778/elements [39m[32m200[39m [90m192 ms - 139[39m
[35m[HTTP][39m [90m[39m
[35m[HTTP][39m [37m-->[39m [37mGET[39m [37m/wd/hub/session/0588113d-b70a-4606-aa89-cb218a510778/element/00000000-0000-0026-ffff-ffff000003db/location[39m
[35m[HTTP][39m [90m{}[39m
[35m[W3C (0588113d)][39m Driver proxy active, passing request on via HTTP proxy
[35m[WD Proxy][39m Replacing sessionId f4fbb672-70fb-4e72-81c1-7e025b40e598 with 0588113d-b70a-4606-aa89-cb218a510778
[35m[HTTP][39m [37m<-- GET /wd/hub/session/0588113d-b70a-4606-aa89-cb218a510778/element/00000000-0000-0026-ffff-ffff000003db/location [39m[32m200[39m [90m43 ms - 78[39m
[35m[HTTP][39m [90m[39m
[35m[HTTP][39m [37m-->[39m [37mPOST[39m [37m/wd/hub/session/0588113d-b70a-4606-aa89-cb218a510778/element/00000000-0000-0026-ffff-ffff000003db/click[39m
[35m[HTTP][39m [90m{"id":"00000000-0000-0026-ffff-ffff000003db"}[39m
[35m[HTTP][39m [37m<-- POST /wd/hub/session/0588113d-b70a-4606-aa89-cb218a510778/element/00000000-0000-0026-ffff-ffff000003db/click [39m[32m200[39m [90m796 ms - 14[39m
[35m[HTTP][39m [90m[39m
[35m[HTTP][39m [37m-->[39m [37mGET[39m [37m/wd/hub/session/0588113d-b70a-4606-aa89-cb218a510778/source[39m
[35m[HTTP][39m [90m{}[39m
[35m[W3C (0588113d)][39m Driver proxy active, passing request on via HTTP proxy
[35m[WD Proxy][39m Replacing sessionId f4fbb672-70fb-4e72-81c1-7e025b40e598 with 0588113d-b70a-4606-aa89-cb218a510778
[35m[HTTP][39m [37m<-- GET /wd/hub/session/0588113d-b70a-4606-aa89-cb218a510778/source [39m[32m200[39m [90m119 ms - 33374[39m
[35m[HTTP][39m [90m[39m
[35m[HTTP][39m [37m-->[39m [37mGET[39m [37m/wd/hub/session/0588113d-b70a-4606-aa89-cb218a510778/screenshot[39m
[35m[HTTP][39m [90m{}[39m
[35m[HTTP][39m [37m<-- GET /wd/hub/session/0588113d-b70a-4606-aa89-cb218a510778/screenshot [39m[32m200[39m [90m438 ms - 246440[39m
[35m[HTTP][39m [90m[39m
[35m[HTTP][39m [37m-->[39m [37mGET[39m [37m/wd/hub/session/0588113d-b70a-4606-aa89-cb218a510778/source[39m
[35m[HTTP][39m [90m{}[39m
[35m[W3C (0588113d)][39m Driver proxy active, passing request on via HTTP proxy
[35m[WD Proxy][39m Replacing sessionId f4fbb672-70fb-4e72-81c1-7e025b40e598 with 0588113d-b70a-4606-aa89-cb218a510778
[35m[HTTP][39m [37m<-- GET /wd/hub/session/0588113d-b70a-4606-aa89-cb218a510778/source [39m[32m200[39m [90m200 ms - 33378[39m
[35m[HTTP][39m [90m[39m
[35m[HTTP][39m [37m-->[39m [37mGET[39m [37m/wd/hub/session/0588113d-b70a-4606-aa89-cb218a510778/screenshot[39m
[35m[HTTP][39m [90m{}[39m
[35m[HTTP][39m [37m<-- GET /wd/hub/session/0588113d-b70a-4606-aa89-cb218a510778/screenshot [39m[32m200[39m [90m465 ms - 238784[39m
[35m[HTTP][39m [90m[39m
[35m[HTTP][39m [37m-->[39m [37mPOST[39m [37m/wd/hub/session/0588113d-b70a-4606-aa89-cb218a510778/elements[39m
[35m[HTTP][39m [90m{"using":"xpath","value":"//*[@class = 'android.view.ViewGroup' and (@text = '' or . = '')]"}[39m
[35m[HTTP][39m [37m<-- POST /wd/hub/session/0588113d-b70a-4606-aa89-cb218a510778/elements [39m[32m200[39m [90m213 ms - 4107[39m
[35m[HTTP][39m [90m[39m
[35m[HTTP][39m [37m-->[39m [37mPOST[39m [37m/wd/hub/session/0588113d-b70a-4606-aa89-cb218a510778/elements[39m
[35m[HTTP][39m [90m{"using":"-android uiautomator","value":"new UiSelector().className(\"android.view.ViewGroup\")"}[39m
[35m[HTTP][39m [37m<-- POST /wd/hub/session/0588113d-b70a-4606-aa89-cb218a510778/elements [39m[32m200[39m [90m224 ms - 4107[39m
[35m[HTTP][39m [90m[39m
[35m[HTTP][39m [37m-->[39m [37mGET[39m [37m/wd/hub/session/0588113d-b70a-4606-aa89-cb218a510778/window/rect[39m
[35m[HTTP][39m [90m{}[39m
[35m[HTTP][39m [37m<-- GET /wd/hub/session/0588113d-b70a-4606-aa89-cb218a510778/window/rect [39m[32m200[39m [90m25 ms - 50[39m
[35m[HTTP][39m [90m[39m
[35m[HTTP][39m [37m-->[39m [37mPOST[39m [37m/wd/hub/session/0588113d-b70a-4606-aa89-cb218a510778/elements[39m
[35m[HTTP][39m [90m{"using":"xpath","value":"//hierarchy/android.widget.FrameLayout[1]/android.widget.LinearLayout[1]/android.widget.FrameLayout[1]/android.widget.FrameLayout[1]/android.widget.FrameLayout[1]/android.widget.RelativeLayout[1]/android.view.ViewGroup[1]/android.view.ViewGroup[1]/android.view.ViewGroup[1]/androidx.drawerlayout.widget.DrawerLayout[1]/android.view.ViewGroup[1]/android.view.ViewGroup[1]/android.view.ViewGroup[1]/android.view.ViewGroup[2]/android.view.ViewGroup[1]/android.view.ViewGroup[1]/android.view.ViewGroup[1]/android.widget.RelativeLayout[1]/androidx.viewpager.widget.ViewPager[1]/android.widget.ScrollView[1]/android.view.ViewGroup[1]/android.view.ViewGroup[1]/android.view.ViewGroup[1]/android.widget.FrameLayout[5]/android.view.ViewGroup[1]"}[39m
[35m[HTTP][39m [37m<-- POST /wd/hub/session/0588113d-b70a-4606-aa89-cb218a510778/elements [39m[32m200[39m [90m156 ms - 139[39m
[35m[HTTP][39m [90m[39m
[35m[HTTP][39m [37m-->[39m [37mGET[39m [37m/wd/hub/session/0588113d-b70a-4606-aa89-cb218a510778/element/00000000-0000-0026-ffff-ffff000003e2/location[39m
[35m[HTTP][39m [90m{}[39m
[35m[W3C (0588113d)][39m Driver proxy active, passing request on via HTTP proxy
[35m[WD Proxy][39m Replacing sessionId f4fbb672-70fb-4e72-81c1-7e025b40e598 with 0588113d-b70a-4606-aa89-cb218a510778
[35m[HTTP][39m [37m<-- GET /wd/hub/session/0588113d-b70a-4606-aa89-cb218a510778/element/00000000-0000-0026-ffff-ffff000003e2/location [39m[32m200[39m [90m30 ms - 78[39m
[35m[HTTP][39m [90m[39m
[35m[HTTP][39m [37m-->[39m [37mPOST[39m [37m/wd/hub/session/0588113d-b70a-4606-aa89-cb218a510778/element/00000000-0000-0026-ffff-ffff000003e2/click[39m
[35m[HTTP][39m [90m{"id":"00000000-0000-0026-ffff-ffff000003e2"}[39m
[35m[HTTP][39m [37m<-- POST /wd/hub/session/0588113d-b70a-4606-aa89-cb218a510778/element/00000000-0000-0026-ffff-ffff000003e2/click [39m[32m200[39m [90m791 ms - 14[39m
[35m[HTTP][39m [90m[39m
[35m[HTTP][39m [37m-->[39m [37mGET[39m [37m/wd/hub/session/0588113d-b70a-4606-aa89-cb218a510778/source[39m
[35m[HTTP][39m [90m{}[39m
[35m[W3C (0588113d)][39m Driver proxy active, passing request on via HTTP proxy
[35m[WD Proxy][39m Replacing sessionId f4fbb672-70fb-4e72-81c1-7e025b40e598 with 0588113d-b70a-4606-aa89-cb218a510778
[35m[HTTP][39m [37m<-- GET /wd/hub/session/0588113d-b70a-4606-aa89-cb218a510778/source [39m[32m200[39m [90m106 ms - 33378[39m
[35m[HTTP][39m [90m[39m
[35m[HTTP][39m [37m-->[39m [37mGET[39m [37m/wd/hub/session/0588113d-b70a-4606-aa89-cb218a510778/screenshot[39m
[35m[HTTP][39m [90m{}[39m
[35m[HTTP][39m [37m<-- GET /wd/hub/session/0588113d-b70a-4606-aa89-cb218a510778/screenshot [39m[32m200[39m [90m455 ms - 237834[39m
[35m[HTTP][39m [90m[39m
[35m[HTTP][39m [37m-->[39m [37mGET[39m [37m/wd/hub/session/0588113d-b70a-4606-aa89-cb218a510778/source[39m
[35m[HTTP][39m [90m{}[39m
[35m[W3C (0588113d)][39m Driver proxy active, passing request on via HTTP proxy
[35m[WD Proxy][39m Replacing sessionId f4fbb672-70fb-4e72-81c1-7e025b40e598 with 0588113d-b70a-4606-aa89-cb218a510778
[35m[HTTP][39m [37m<-- GET /wd/hub/session/0588113d-b70a-4606-aa89-cb218a510778/source [39m[32m200[39m [90m1349 ms - 35775[39m
[35m[HTTP][39m [90m[39m
[35m[HTTP][39m [37m-->[39m [37mGET[39m [37m/wd/hub/session/0588113d-b70a-4606-aa89-cb218a510778/screenshot[39m
[35m[HTTP][39m [90m{}[39m
[35m[HTTP][39m [37m<-- GET /wd/hub/session/0588113d-b70a-4606-aa89-cb218a510778/screenshot [39m[32m200[39m [90m477 ms - 281138[39m
[35m[HTTP][39m [90m[39m
[35m[HTTP][39m [37m-->[39m [37mPOST[39m [37m/wd/hub/session/0588113d-b70a-4606-aa89-cb218a510778/elements[39m
[35m[HTTP][39m [90m{"using":"xpath","value":"//*[@class = 'android.widget.FrameLayout' and (@text = '' or . = '')]"}[39m
[35m[HTTP][39m [37m<-- POST /wd/hub/session/0588113d-b70a-4606-aa89-cb218a510778/elements [39m[32m200[39m [90m555 ms - 3339[39m
[35m[HTTP][39m [90m[39m
[35m[HTTP][39m [37m-->[39m [37mPOST[39m [37m/wd/hub/session/0588113d-b70a-4606-aa89-cb218a510778/elements[39m
[35m[HTTP][39m [90m{"using":"-android uiautomator","value":"new UiSelector().className(\"android.widget.FrameLayout\")"}[39m
[35m[HTTP][39m [37m<-- POST /wd/hub/session/0588113d-b70a-4606-aa89-cb218a510778/elements [39m[32m200[39m [90m193 ms - 3339[39m
[35m[HTTP][39m [90m[39m
[35m[HTTP][39m [37m-->[39m [37mGET[39m [37m/wd/hub/session/0588113d-b70a-4606-aa89-cb218a510778/window/rect[39m
[35m[HTTP][39m [90m{}[39m
[35m[HTTP][39m [37m<-- GET /wd/hub/session/0588113d-b70a-4606-aa89-cb218a510778/window/rect [39m[32m200[39m [90m22 ms - 50[39m
[35m[HTTP][39m [90m[39m
[35m[HTTP][39m [37m-->[39m [37mPOST[39m [37m/wd/hub/session/0588113d-b70a-4606-aa89-cb218a510778/elements[39m
[35m[HTTP][39m [90m{"using":"xpath","value":"//hierarchy/android.widget.FrameLayout[1]/android.widget.LinearLayout[1]/android.widget.FrameLayout[1]/android.widget.FrameLayout[1]/android.widget.FrameLayout[1]/android.widget.RelativeLayout[1]/android.view.ViewGroup[1]/android.view.ViewGroup[1]/android.view.ViewGroup[1]/androidx.drawerlayout.widget.DrawerLayout[1]/android.view.ViewGroup[1]/android.view.ViewGroup[1]/android.view.ViewGroup[1]/android.view.ViewGroup[2]/android.view.ViewGroup[1]/android.view.ViewGroup[1]/android.view.ViewGroup[1]/android.widget.RelativeLayout[1]/androidx.viewpager.widget.ViewPager[1]/android.widget.ScrollView[1]/android.view.ViewGroup[1]/android.view.ViewGroup[1]/android.view.ViewGroup[1]/android.widget.FrameLayout[2]"}[39m
[35m[HTTP][39m [37m<-- POST /wd/hub/session/0588113d-b70a-4606-aa89-cb218a510778/elements [39m[32m200[39m [90m10230 ms - 139[39m
[35m[HTTP][39m [90m[39m
[35m[HTTP][39m [37m-->[39m [37mGET[39m [37m/wd/hub/session/0588113d-b70a-4606-aa89-cb218a510778/element/00000000-0000-0026-ffff-ffff000004fb/location[39m
[35m[HTTP][39m [90m{}[39m
[35m[W3C (0588113d)][39m Driver proxy active, passing request on via HTTP proxy
[35m[WD Proxy][39m Replacing sessionId f4fbb672-70fb-4e72-81c1-7e025b40e598 with 0588113d-b70a-4606-aa89-cb218a510778
[35m[HTTP][39m [37m<-- GET /wd/hub/session/0588113d-b70a-4606-aa89-cb218a510778/element/00000000-0000-0026-ffff-ffff000004fb/location [39m[32m200[39m [90m25 ms - 77[39m
[35m[HTTP][39m [90m[39m
[35m[HTTP][39m [37m-->[39m [37mPOST[39m [37m/wd/hub/session/0588113d-b70a-4606-aa89-cb218a510778/element/00000000-0000-0026-ffff-ffff000004fb/click[39m
[35m[HTTP][39m [90m{"id":"00000000-0000-0026-ffff-ffff000004fb"}[39m
[35m[HTTP][39m [37m<-- POST /wd/hub/session/0588113d-b70a-4606-aa89-cb218a510778/element/00000000-0000-0026-ffff-ffff000004fb/click [39m[32m200[39m [90m86 ms - 14[39m
[35m[HTTP][39m [90m[39m
[35m[HTTP][39m [37m-->[39m [37mGET[39m [37m/wd/hub/session/0588113d-b70a-4606-aa89-cb218a510778/source[39m
[35m[HTTP][39m [90m{}[39m
[35m[W3C (0588113d)][39m Driver proxy active, passing request on via HTTP proxy
[35m[WD Proxy][39m Replacing sessionId f4fbb672-70fb-4e72-81c1-7e025b40e598 with 0588113d-b70a-4606-aa89-cb218a510778
[35m[HTTP][39m [37m<-- GET /wd/hub/session/0588113d-b70a-4606-aa89-cb218a510778/source [39m[32m200[39m [90m277 ms - 39227[39m
[35m[HTTP][39m [90m[39m
[35m[HTTP][39m [37m-->[39m [37mGET[39m [37m/wd/hub/session/0588113d-b70a-4606-aa89-cb218a510778/screenshot[39m
[35m[HTTP][39m [90m{}[39m
[35m[HTTP][39m [37m<-- GET /wd/hub/session/0588113d-b70a-4606-aa89-cb218a510778/screenshot [39m[32m200[39m [90m462 ms - 184188[39m
[35m[HTTP][39m [90m[39m
[35m[HTTP][39m [37m-->[39m [37mGET[39m [37m/wd/hub/session/0588113d-b70a-4606-aa89-cb218a510778/source[39m
[35m[HTTP][39m [90m{}[39m
[35m[W3C (0588113d)][39m Driver proxy active, passing request on via HTTP proxy
[35m[WD Proxy][39m Replacing sessionId f4fbb672-70fb-4e72-81c1-7e025b40e598 with 0588113d-b70a-4606-aa89-cb218a510778
[35m[HTTP][39m [37m<-- GET /wd/hub/session/0588113d-b70a-4606-aa89-cb218a510778/source [39m[32m200[39m [90m155 ms - 35775[39m
[35m[HTTP][39m [90m[39m
[35m[HTTP][39m [37m-->[39m [37mGET[39m [37m/wd/hub/session/0588113d-b70a-4606-aa89-cb218a510778/screenshot[39m
[35m[HTTP][39m [90m{}[39m
[35m[HTTP][39m [37m<-- GET /wd/hub/session/0588113d-b70a-4606-aa89-cb218a510778/screenshot [39m[32m200[39m [90m479 ms - 281486[39m
[35m[HTTP][39m [90m[39m
[35m[HTTP][39m [37m-->[39m [37mPOST[39m [37m/wd/hub/session/0588113d-b70a-4606-aa89-cb218a510778/elements[39m
[35m[HTTP][39m [90m{"using":"xpath","value":"//*[@class = 'android.view.ViewGroup' and (@text = '' or . = '')]"}[39m
[35m[HTTP][39m [37m<-- POST /wd/hub/session/0588113d-b70a-4606-aa89-cb218a510778/elements [39m[32m200[39m [90m321 ms - 4491[39m
[35m[HTTP][39m [90m[39m
[35m[HTTP][39m [37m-->[39m [37mPOST[39m [37m/wd/hub/session/0588113d-b70a-4606-aa89-cb218a510778/elements[39m
[35m[HTTP][39m [90m{"using":"-android uiautomator","value":"new UiSelector().className(\"android.view.ViewGroup\")"}[39m
[35m[HTTP][39m [37m<-- POST /wd/hub/session/0588113d-b70a-4606-aa89-cb218a510778/elements [39m[32m200[39m [90m895 ms - 4491[39m
[35m[HTTP][39m [90m[39m
[35m[HTTP][39m [37m-->[39m [37mGET[39m [37m/wd/hub/session/0588113d-b70a-4606-aa89-cb218a510778/window/rect[39m
[35m[HTTP][39m [90m{}[39m
[35m[HTTP][39m [37m<-- GET /wd/hub/session/0588113d-b70a-4606-aa89-cb218a510778/window/rect [39m[32m200[39m [90m19 ms - 50[39m
[35m[HTTP][39m [90m[39m
[35m[HTTP][39m [37m-->[39m [37mPOST[39m [37m/wd/hub/session/0588113d-b70a-4606-aa89-cb218a510778/elements[39m
[35m[HTTP][39m [90m{"using":"xpath","value":"//hierarchy/android.widget.FrameLayout[1]/android.widget.LinearLayout[1]/android.widget.FrameLayout[1]/android.widget.FrameLayout[1]/android.widget.FrameLayout[1]/android.widget.RelativeLayout[1]/android.view.ViewGroup[1]/android.view.ViewGroup[1]/android.view.ViewGroup[1]/androidx.drawerlayout.widget.DrawerLayout[1]/android.view.ViewGroup[1]/android.view.ViewGroup[1]/android.view.ViewGroup[1]/android.view.ViewGroup[2]/android.view.ViewGroup[1]/android.view.ViewGroup[1]/android.view.ViewGroup[1]/android.widget.RelativeLayout[1]/androidx.viewpager.widget.ViewPager[1]/android.widget.ScrollView[1]/android.view.ViewGroup[1]/android.view.ViewGroup[1]/android.view.ViewGroup[1]/android.widget.FrameLayout[2]/android.view.ViewGroup[1]"}[39m
[35m[HTTP][39m [37m<-- POST /wd/hub/session/0588113d-b70a-4606-aa89-cb218a510778/elements [39m[32m200[39m [90m146 ms - 139[39m
[35m[HTTP][39m [90m[39m
[35m[HTTP][39m [37m-->[39m [37mGET[39m [37m/wd/hub/session/0588113d-b70a-4606-aa89-cb218a510778/element/00000000-0000-0026-ffff-ffff000004fc/location[39m
[35m[HTTP][39m [90m{}[39m
[35m[W3C (0588113d)][39m Driver proxy active, passing request on via HTTP proxy
[35m[WD Proxy][39m Replacing sessionId f4fbb672-70fb-4e72-81c1-7e025b40e598 with 0588113d-b70a-4606-aa89-cb218a510778
[35m[HTTP][39m [37m<-- GET /wd/hub/session/0588113d-b70a-4606-aa89-cb218a510778/element/00000000-0000-0026-ffff-ffff000004fc/location [39m[32m200[39m [90m28 ms - 77[39m
[35m[HTTP][39m [90m[39m
[35m[HTTP][39m [37m-->[39m [37mPOST[39m [37m/wd/hub/session/0588113d-b70a-4606-aa89-cb218a510778/element/00000000-0000-0026-ffff-ffff000004fc/click[39m
[35m[HTTP][39m [90m{"id":"00000000-0000-0026-ffff-ffff000004fc"}[39m
[35m[HTTP][39m [37m<-- POST /wd/hub/session/0588113d-b70a-4606-aa89-cb218a510778/element/00000000-0000-0026-ffff-ffff000004fc/click [39m[32m200[39m [90m657 ms - 14[39m
[35m[HTTP][39m [90m[39m
[35m[HTTP][39m [37m-->[39m [37mGET[39m [37m/wd/hub/session/0588113d-b70a-4606-aa89-cb218a510778/source[39m
[35m[HTTP][39m [90m{}[39m
[35m[W3C (0588113d)][39m Driver proxy active, passing request on via HTTP proxy
[35m[WD Proxy][39m Replacing sessionId f4fbb672-70fb-4e72-81c1-7e025b40e598 with 0588113d-b70a-4606-aa89-cb218a510778
[35m[HTTP][39m [37m<-- GET /wd/hub/session/0588113d-b70a-4606-aa89-cb218a510778/source [39m[32m200[39m [90m603 ms - 39227[39m
[35m[HTTP][39m [90m[39m
[35m[HTTP][39m [37m-->[39m [37mGET[39m [37m/wd/hub/session/0588113d-b70a-4606-aa89-cb218a510778/screenshot[39m
[35m[HTTP][39m [90m{}[39m
[35m[HTTP][39m [37m<-- GET /wd/hub/session/0588113d-b70a-4606-aa89-cb218a510778/screenshot [39m[32m200[39m [90m426 ms - 185726[39m
[35m[HTTP][39m [90m[39m
[35m[HTTP][39m [37m-->[39m [37mGET[39m [37m/wd/hub/session/0588113d-b70a-4606-aa89-cb218a510778/source[39m
[35m[HTTP][39m [90m{}[39m
[35m[W3C (0588113d)][39m Driver proxy active, passing request on via HTTP proxy
[35m[WD Proxy][39m Replacing sessionId f4fbb672-70fb-4e72-81c1-7e025b40e598 with 0588113d-b70a-4606-aa89-cb218a510778
[35m[HTTP][39m [37m<-- GET /wd/hub/session/0588113d-b70a-4606-aa89-cb218a510778/source [39m[32m200[39m [90m160 ms - 33374[39m
[35m[HTTP][39m [90m[39m
[35m[HTTP][39m [37m-->[39m [37mGET[39m [37m/wd/hub/session/0588113d-b70a-4606-aa89-cb218a510778/screenshot[39m
[35m[HTTP][39m [90m{}[39m
[35m[HTTP][39m [37m<-- GET /wd/hub/session/0588113d-b70a-4606-aa89-cb218a510778/screenshot [39m[32m200[39m [90m464 ms - 241662[39m
[35m[HTTP][39m [90m[39m
[35m[HTTP][39m [37m-->[39m [37mPOST[39m [37m/wd/hub/session/0588113d-b70a-4606-aa89-cb218a510778/elements[39m
[35m[HTTP][39m [90m{"using":"xpath","value":"//*[@class = 'android.widget.FrameLayout' and (@text = '' or . = '')]"}[39m
[35m[HTTP][39m [37m<-- POST /wd/hub/session/0588113d-b70a-4606-aa89-cb218a510778/elements [39m[32m200[39m [90m216 ms - 1291[39m
[35m[HTTP][39m [90m[39m
[35m[HTTP][39m [37m-->[39m [37mPOST[39m [37m/wd/hub/session/0588113d-b70a-4606-aa89-cb218a510778/elements[39m
[35m[HTTP][39m [90m{"using":"-android uiautomator","value":"new UiSelector().className(\"android.widget.FrameLayout\")"}[39m
[35m[HTTP][39m [37m<-- POST /wd/hub/session/0588113d-b70a-4606-aa89-cb218a510778/elements [39m[32m200[39m [90m87 ms - 1291[39m
[35m[HTTP][39m [90m[39m
[35m[HTTP][39m [37m-->[39m [37mGET[39m [37m/wd/hub/session/0588113d-b70a-4606-aa89-cb218a510778/window/rect[39m
[35m[HTTP][39m [90m{}[39m
[35m[HTTP][39m [37m<-- GET /wd/hub/session/0588113d-b70a-4606-aa89-cb218a510778/window/rect [39m[32m200[39m [90m18 ms - 50[39m
[35m[HTTP][39m [90m[39m
[35m[HTTP][39m [37m-->[39m [37mPOST[39m [37m/wd/hub/session/0588113d-b70a-4606-aa89-cb218a510778/elements[39m
[35m[HTTP][39m [90m{"using":"xpath","value":"//hierarchy/android.widget.FrameLayout[1]/android.widget.LinearLayout[1]/android.widget.FrameLayout[1]/android.widget.FrameLayout[1]/android.widget.FrameLayout[1]/android.widget.RelativeLayout[1]/android.view.ViewGroup[1]/android.view.ViewGroup[1]/android.view.ViewGroup[1]/androidx.drawerlayout.widget.DrawerLayout[1]/android.view.ViewGroup[1]/android.view.ViewGroup[1]/android.view.ViewGroup[1]/android.view.ViewGroup[2]/android.view.ViewGroup[1]/android.view.ViewGroup[1]/android.view.ViewGroup[1]/android.widget.RelativeLayout[1]/androidx.viewpager.widget.ViewPager[1]/android.widget.ScrollView[1]/android.view.ViewGroup[1]/android.view.ViewGroup[1]/android.view.ViewGroup[1]/android.widget.FrameLayout[4]"}[39m
[35m[HTTP][39m [37m<-- POST /wd/hub/session/0588113d-b70a-4606-aa89-cb218a510778/elements [39m[32m200[39m [90m168 ms - 139[39m
[35m[HTTP][39m [90m[39m
[35m[HTTP][39m [37m-->[39m [37mGET[39m [37m/wd/hub/session/0588113d-b70a-4606-aa89-cb218a510778/element/00000000-0000-0026-ffff-ffff000006b9/location[39m
[35m[HTTP][39m [90m{}[39m
[35m[W3C (0588113d)][39m Driver proxy active, passing request on via HTTP proxy
[35m[WD Proxy][39m Replacing sessionId f4fbb672-70fb-4e72-81c1-7e025b40e598 with 0588113d-b70a-4606-aa89-cb218a510778
[35m[HTTP][39m [37m<-- GET /wd/hub/session/0588113d-b70a-4606-aa89-cb218a510778/element/00000000-0000-0026-ffff-ffff000006b9/location [39m[32m200[39m [90m26 ms - 78[39m
[35m[HTTP][39m [90m[39m
[35m[HTTP][39m [37m-->[39m [37mPOST[39m [37m/wd/hub/session/0588113d-b70a-4606-aa89-cb218a510778/element/00000000-0000-0026-ffff-ffff000006b9/click[39m
[35m[HTTP][39m [90m{"id":"00000000-0000-0026-ffff-ffff000006b9"}[39m
[35m[HTTP][39m [37m<-- POST /wd/hub/session/0588113d-b70a-4606-aa89-cb218a510778/element/00000000-0000-0026-ffff-ffff000006b9/click [39m[32m200[39m [90m787 ms - 14[39m
[35m[HTTP][39m [90m[39m
[35m[HTTP][39m [37m-->[39m [37mGET[39m [37m/wd/hub/session/0588113d-b70a-4606-aa89-cb218a510778/source[39m
[35m[HTTP][39m [90m{}[39m
[35m[W3C (0588113d)][39m Driver proxy active, passing request on via HTTP proxy
[35m[WD Proxy][39m Replacing sessionId f4fbb672-70fb-4e72-81c1-7e025b40e598 with 0588113d-b70a-4606-aa89-cb218a510778
[35m[HTTP][39m [37m<-- GET /wd/hub/session/0588113d-b70a-4606-aa89-cb218a510778/source [39m[32m200[39m [90m139 ms - 33374[39m
[35m[HTTP][39m [90m[39m
[35m[HTTP][39m [37m-->[39m [37mGET[39m [37m/wd/hub/session/0588113d-b70a-4606-aa89-cb218a510778/screenshot[39m
[35m[HTTP][39m [90m{}[39m
[35m[HTTP][39m [37m<-- GET /wd/hub/session/0588113d-b70a-4606-aa89-cb218a510778/screenshot [39m[32m200[39m [90m459 ms - 246788[39m
[35m[HTTP][39m [90m[39m
[35m[HTTP][39m [37m-->[39m [37mGET[39m [37m/wd/hub/session/0588113d-b70a-4606-aa89-cb218a510778/source[39m
[35m[HTTP][39m [90m{}[39m
[35m[W3C (0588113d)][39m Driver proxy active, passing request on via HTTP proxy
[35m[WD Proxy][39m Replacing sessionId f4fbb672-70fb-4e72-81c1-7e025b40e598 with 0588113d-b70a-4606-aa89-cb218a510778
[35m[HTTP][39m [37m<-- GET /wd/hub/session/0588113d-b70a-4606-aa89-cb218a510778/source [39m[32m200[39m [90m163 ms - 33374[39m
[35m[HTTP][39m [90m[39m
[35m[HTTP][39m [37m-->[39m [37mGET[39m [37m/wd/hub/session/0588113d-b70a-4606-aa89-cb218a510778/screenshot[39m
[35m[HTTP][39m [90m{}[39m
[35m[HTTP][39m [37m<-- GET /wd/hub/session/0588113d-b70a-4606-aa89-cb218a510778/screenshot [39m[32m200[39m [90m459 ms - 242306[39m
[35m[HTTP][39m [90m[39m
[35m[HTTP][39m [37m-->[39m [37mPOST[39m [37m/wd/hub/session/0588113d-b70a-4606-aa89-cb218a510778/elements[39m
[35m[HTTP][39m [90m{"using":"xpath","value":"//*[@class = 'android.view.ViewGroup' and (@text = '' or . = '')]"}[39m
[35m[HTTP][39m [37m<-- POST /wd/hub/session/0588113d-b70a-4606-aa89-cb218a510778/elements [39m[32m200[39m [90m126 ms - 4107[39m
[35m[HTTP][39m [90m[39m
[35m[HTTP][39m [37m-->[39m [37mPOST[39m [37m/wd/hub/session/0588113d-b70a-4606-aa89-cb218a510778/elements[39m
[35m[HTTP][39m [90m{"using":"-android uiautomator","value":"new UiSelector().className(\"android.view.ViewGroup\")"}[39m
[35m[HTTP][39m [37m<-- POST /wd/hub/session/0588113d-b70a-4606-aa89-cb218a510778/elements [39m[32m200[39m [90m135 ms - 4107[39m
[35m[HTTP][39m [90m[39m
[35m[HTTP][39m [37m-->[39m [37mGET[39m [37m/wd/hub/session/0588113d-b70a-4606-aa89-cb218a510778/window/rect[39m
[35m[HTTP][39m [90m{}[39m
[35m[HTTP][39m [37m<-- GET /wd/hub/session/0588113d-b70a-4606-aa89-cb218a510778/window/rect [39m[32m200[39m [90m11 ms - 50[39m
[35m[HTTP][39m [90m[39m
[35m[HTTP][39m [37m-->[39m [37mPOST[39m [37m/wd/hub/session/0588113d-b70a-4606-aa89-cb218a510778/elements[39m
[35m[HTTP][39m [90m{"using":"xpath","value":"//hierarchy/android.widget.FrameLayout[1]/android.widget.LinearLayout[1]/android.widget.FrameLayout[1]/android.widget.FrameLayout[1]/android.widget.FrameLayout[1]/android.widget.RelativeLayout[1]/android.view.ViewGroup[1]/android.view.ViewGroup[1]/android.view.ViewGroup[1]/androidx.drawerlayout.widget.DrawerLayout[1]/android.view.ViewGroup[1]/android.view.ViewGroup[1]/android.view.ViewGroup[1]/android.view.ViewGroup[2]/android.view.ViewGroup[1]/android.view.ViewGroup[1]/android.view.ViewGroup[1]/android.widget.RelativeLayout[1]/androidx.viewpager.widget.ViewPager[1]/android.widget.ScrollView[1]/android.view.ViewGroup[1]/android.view.ViewGroup[1]/android.view.ViewGroup[1]/android.widget.FrameLayout[4]/android.view.ViewGroup[1]/android.view.ViewGroup[1]"}[39m
[35m[HTTP][39m [37m<-- POST /wd/hub/session/0588113d-b70a-4606-aa89-cb218a510778/elements [39m[32m200[39m [90m102 ms - 139[39m
[35m[HTTP][39m [90m[39m
[35m[HTTP][39m [37m-->[39m [37mGET[39m [37m/wd/hub/session/0588113d-b70a-4606-aa89-cb218a510778/element/00000000-0000-0026-ffff-ffff000006bb/location[39m
[35m[HTTP][39m [90m{}[39m
[35m[W3C (0588113d)][39m Driver proxy active, passing request on via HTTP proxy
[35m[WD Proxy][39m Replacing sessionId f4fbb672-70fb-4e72-81c1-7e025b40e598 with 0588113d-b70a-4606-aa89-cb218a510778
[35m[HTTP][39m [37m<-- GET /wd/hub/session/0588113d-b70a-4606-aa89-cb218a510778/element/00000000-0000-0026-ffff-ffff000006bb/location [39m[32m200[39m [90m14 ms - 78[39m
[35m[HTTP][39m [90m[39m
[35m[HTTP][39m [37m-->[39m [37mPOST[39m [37m/wd/hub/session/0588113d-b70a-4606-aa89-cb218a510778/element/00000000-0000-0026-ffff-ffff000006bb/click[39m
[35m[HTTP][39m [90m{"id":"00000000-0000-0026-ffff-ffff000006bb"}[39m
[35m[HTTP][39m [37m<-- POST /wd/hub/session/0588113d-b70a-4606-aa89-cb218a510778/element/00000000-0000-0026-ffff-ffff000006bb/click [39m[32m200[39m [90m51 ms - 14[39m
[35m[HTTP][39m [90m[39m
[35m[HTTP][39m [37m-->[39m [37mGET[39m [37m/wd/hub/session/0588113d-b70a-4606-aa89-cb218a510778/source[39m
[35m[HTTP][39m [90m{}[39m
[35m[W3C (0588113d)][39m Driver proxy active, passing request on via HTTP proxy
[35m[WD Proxy][39m Replacing sessionId f4fbb672-70fb-4e72-81c1-7e025b40e598 with 0588113d-b70a-4606-aa89-cb218a510778
[35m[HTTP][39m [37m<-- GET /wd/hub/session/0588113d-b70a-4606-aa89-cb218a510778/source [39m[32m200[39m [90m233 ms - 33374[39m
[35m[HTTP][39m [90m[39m
[35m[HTTP][39m [37m-->[39m [37mGET[39m [37m/wd/hub/session/0588113d-b70a-4606-aa89-cb218a510778/screenshot[39m
[35m[HTTP][39m [90m{}[39m
[35m[HTTP][39m [37m<-- GET /wd/hub/session/0588113d-b70a-4606-aa89-cb218a510778/screenshot [39m[32m200[39m [90m561 ms - 232634[39m
[35m[HTTP][39m [90m[39m
[35m[HTTP][39m [37m-->[39m [37mGET[39m [37m/wd/hub/session/0588113d-b70a-4606-aa89-cb218a510778/source[39m
[35m[HTTP][39m [90m{}[39m
[35m[W3C (0588113d)][39m Driver proxy active, passing request on via HTTP proxy
[35m[WD Proxy][39m Replacing sessionId f4fbb672-70fb-4e72-81c1-7e025b40e598 with 0588113d-b70a-4606-aa89-cb218a510778
[35m[HTTP][39m [37m<-- GET /wd/hub/session/0588113d-b70a-4606-aa89-cb218a510778/source [39m[32m200[39m [90m156 ms - 33374[39m
[35m[HTTP][39m [90m[39m
[35m[HTTP][39m [37m-->[39m [37mGET[39m [37m/wd/hub/session/0588113d-b70a-4606-aa89-cb218a510778/screenshot[39m
[35m[HTTP][39m [90m{}[39m
[35m[HTTP][39m [37m<-- GET /wd/hub/session/0588113d-b70a-4606-aa89-cb218a510778/screenshot [39m[32m200[39m [90m410 ms - 240968[39m
[35m[HTTP][39m [90m[39m
[35m[HTTP][39m [37m-->[39m [37mPOST[39m [37m/wd/hub/session/0588113d-b70a-4606-aa89-cb218a510778/elements[39m
[35m[HTTP][39m [90m{"using":"xpath","value":"//*[@class = 'android.widget.FrameLayout' and (@text = '' or . = '')]"}[39m
[35m[HTTP][39m [37m<-- POST /wd/hub/session/0588113d-b70a-4606-aa89-cb218a510778/elements [39m[32m200[39m [90m303 ms - 1291[39m
[35m[HTTP][39m [90m[39m
[35m[HTTP][39m [37m-->[39m [37mPOST[39m [37m/wd/hub/session/0588113d-b70a-4606-aa89-cb218a510778/elements[39m
[35m[HTTP][39m [90m{"using":"-android uiautomator","value":"new UiSelector().className(\"android.widget.FrameLayout\")"}[39m
[35m[HTTP][39m [37m<-- POST /wd/hub/session/0588113d-b70a-4606-aa89-cb218a510778/elements [39m[32m200[39m [90m67 ms - 1291[39m
[35m[HTTP][39m [90m[39m
[35m[HTTP][39m [37m-->[39m [37mGET[39m [37m/wd/hub/session/0588113d-b70a-4606-aa89-cb218a510778/window/rect[39m
[35m[HTTP][39m [90m{}[39m
[35m[HTTP][39m [37m<-- GET /wd/hub/session/0588113d-b70a-4606-aa89-cb218a510778/window/rect [39m[32m200[39m [90m12 ms - 50[39m
[35m[HTTP][39m [90m[39m
[35m[HTTP][39m [37m-->[39m [37mPOST[39m [37m/wd/hub/session/0588113d-b70a-4606-aa89-cb218a510778/elements[39m
[35m[HTTP][39m [90m{"using":"xpath","value":"//hierarchy/android.widget.FrameLayout[1]/android.widget.LinearLayout[1]/android.widget.FrameLayout[1]/android.widget.FrameLayout[1]/android.widget.FrameLayout[1]/android.widget.RelativeLayout[1]/android.view.ViewGroup[1]/android.view.ViewGroup[1]/android.view.ViewGroup[1]/androidx.drawerlayout.widget.DrawerLayout[1][35m[BaseDriver][39m Shutting down because we waited 1800 seconds for a command
[35m[Appium][39m Closing session, cause was 'New Command Timeout of 1800 seconds expired. Try customizing the timeout using the 'newCommandTimeout' desired capability'
[35m[Appium][39m Removing session 'd8db93c5-7012-4e1b-acf9-8c16877079d3' from our master session list
[35m[UiAutomator2][39m Unable to force stop app: Error executing adbExec. Original error: 'Command 'C:\\Users\\abhis\\AppData\\Local\\Android\\Sdk\\platform-tools\\adb.exe -P 5037 -s R58M43DDCHH shell am force-stop com.android.settings' exited with code 1'; Command output: adb.exe: device 'R58M43DDCHH' not found
[35m[UiAutomator2][39m 
[35m[ADB][39m Error sending command, reconnecting device and retrying: forward,--remove,tcp:8256
[35m[UiAutomator2][39m Unable to remove system port forward: Error executing adbExec. Original error: 'Command 'C:\\Users\\abhis\\AppData\\Local\\Android\\Sdk\\platform-tools\\adb.exe -P 5037 -s R58M43DDCHH forward --remove tcp\:8256' exited with code 1'; Command output: adb.exe: error: device 'R58M43DDCHH' not found
[35m[UiAutomator2][39m 
[35m[UiAutomator2][39m Restoring hidden api policy to the device default configuration
-b70a-4606-aa89-cb218a510778/element/00000000-0000-0026-ffff-ffff000006b9/click[39m
[35m[HTTP][39m [90m{"id":"00000000-0000-0026-ffff-ffff000006b9"}[39m
[35m[HTTP][39m [37m<-- POST /wd/hub/session/0588113d-b70a-4606-aa89-cb218a510778/element/00000000-0000-0026-ffff-ffff000006b9/click [39m[32m200[39m [90m846 ms - 14[39m
[35m[HTTP][39m [90m[39m
[35m[HTTP][39m [37m-->[39m [37mGET[39m [37m/wd/hub/session/0588113d-b70a-4606-aa89-cb218a510778/source[39m
[35m[HTTP][39m [90m{}[39m
[35m[W3C (0588113d)][39m Driver proxy active, passing request on via HTTP proxy
[35m[WD Proxy][39m Replacing sessionId f4fbb672-70fb-4e72-81c1-7e025b40e598 with 0588113d-b70a-4606-aa89-cb218a510778
[35m[HTTP][39m [37m<-- GET /wd/hub/session/0588113d-b70a-4606-aa89-cb218a510778/source [39m[32m200[39m [90m70 ms - 33374[39m
[35m[HTTP][39m [90m[39m
[35m[HTTP][39m [37m-->[39m [37mGET[39m [37m/wd/hub/session/0588113d-b70a-4606-aa89-cb218a510778/screenshot[39m
[35m[HTTP][39m [90m{}[39m
[35m[HTTP][39m [37m<-- GET /wd/hub/session/0588113d-b70a-4606-aa89-cb218a510778/screenshot [39m[32m200[39m [90m432 ms - 246882[39m
[35m[HTTP][39m [90m[39m
[35m[HTTP][39m [37m-->[39m [37mGET[39m [37m/wd/hub/session/0588113d-b70a-4606-aa89-cb218a510778/source[39m
[35m[HTTP][39m [90m{}[39m
[35m[W3C (0588113d)][39m Driver proxy active, passing request on via HTTP proxy
[35m[WD Proxy][39m Replacing sessionId f4fbb672-70fb-4e72-81c1-7e025b40e598 with 0588113d-b70a-4606-aa89-cb218a510778
[35m[HTTP][39m [37m<-- GET /wd/hub/session/0588113d-b70a-4606-aa89-cb218a510778/source [39m[32m200[39m [90m94 ms - 33376[39m
[35m[HTTP][39m [90m[39m
[35m[HTTP][39m [37m-->[39m [37mGET[39m [37m/wd/hub/session/0588113d-b70a-4606-aa89-cb218a510778/screenshot[39m
[35m[HTTP][39m [90m{}[39m
[35m[HTTP][39m [37m<-- GET /wd/hub/session/0588113d-b70a-4606-aa89-cb218a510778/screenshot [39m[32m200[39m [90m437 ms - 237064[39m
[35m[HTTP][39m [90m[39m
[35m[HTTP][39m [37m-->[39m [37mPOST[39m [37m/wd/hub/session/0588113d-b70a-4606-aa89-cb218a510778/elements[39m
[35m[HTTP][39m [90m{"using":"xpath","value":"//*[@class = 'android.widget.FrameLayout' and (@text = '' or . = '')]"}[39m
[35m[HTTP][39m [37m<-- POST /wd/hub/session/0588113d-b70a-4606-aa89-cb218a510778/elements [39m[32m200[39m [90m179 ms - 1291[39m
[35m[HTTP][39m [90m[39m
[35m[HTTP][39m [37m-->[39m [37mPOST[39m [37m/wd/hub/session/0588113d-b70a-4606-aa89-cb218a510778/elements[39m
[35m[HTTP][39m [90m{"using":"-android uiautomator","value":"new UiSelector().className(\"android.widget.FrameLayout\")"}[39m
[35m[HTTP][39m [37m<-- POST /wd/hub/session/0588113d-b70a-4606-aa89-cb218a510778/elements [39m[32m200[39m [90m443 ms - 1291[39m
[35m[HTTP][39m [90m[39m
[35m[HTTP][39m [37m-->[39m [37mGET[39m [37m/wd/hub/session/0588113d-b70a-4606-aa89-cb218a510778/window/rect[39m
[35m[HTTP][39m [90m{}[39m
[35m[HTTP][39m [37m<-- GET /wd/hub/session/0588113d-b70a-4606-aa89-cb218a510778/window/rect [39m[32m200[39m [90m19 ms - 50[39m
[35m[HTTP][39m [90m[39m
[35m[HTTP][39m [37m-->[39m [37mPOST[39m [37m/wd/hub/session/0588113d-b70a-4606-aa89-cb218a510778/elements[39m
[35m[HTTP][39m [90m{"using":"xpath","value":"//hierarchy/android.widget.FrameLayout[1]/android.widget.LinearLayout[1]/android.widget.FrameLayout[1]/android.widget.FrameLayout[1]/android.widget.FrameLayout[1]/android.widget.RelativeLayout[1]/android.view.ViewGroup[1]/android.view.ViewGroup[1]/android.view.ViewGroup[1]/androidx.drawerlayout.widget.DrawerLayout[1]/android.view.ViewGroup[1]/android.view.ViewGroup[1]/android.view.ViewGroup[1]/android.view.ViewGroup[2]/android.view.ViewGroup[1]/android.view.ViewGroup[1]/android.view.ViewGroup[1]/android.widget.RelativeLayout[1]/androidx.viewpager.widget.ViewPager[1]/android.widget.ScrollView[1]/android.view.ViewGroup[1]/android.view.ViewGroup[1]/android.view.ViewGroup[1]/android.widget.FrameLayout[5]"}[39m
[35m[HTTP][39m [37m<-- POST /wd/hub/session/0588113d-b70a-4606-aa89-cb218a510778/elements [39m[32m200[39m [90m143 ms - 139[39m
[35m[HTTP][39m [90m[39m
[35m[HTTP][39m [37m-->[39m [37mGET[39m [37m/wd/hub/session/0588113d-b70a-4606-aa89-cb218a510778/element/00000000-0000-0026-ffff-ffff000006bf/location[39m
[35m[HTTP][39m [90m{}[39m
[35m[W3C (0588113d)][39m Driver proxy active, passing request on via HTTP proxy
[35m[WD Proxy][39m Replacing sessionId f4fbb672-70fb-4e72-81c1-7e025b40e598 with 0588113d-b70a-4606-aa89-cb218a510778
[35m[HTTP][39m [37m<-- GET /wd/hub/session/0588113d-b70a-4606-aa89-cb218a510778/element/00000000-0000-0026-ffff-ffff000006bf/location [39m[32m200[39m [90m30 ms - 78[39m
[35m[HTTP][39m [90m[39m
[35m[HTTP][39m [37m-->[39m [37mPOST[39m [37m/wd/hub/session/0588113d-b70a-4606-aa89-cb218a510778/element/00000000-0000-0026-ffff-ffff000006bf/click[39m
[35m[HTTP][39m [90m{"id":"00000000-0000-0026-ffff-ffff000006bf"}[39m
[35m[HTTP][39m [37m<-- POST /wd/hub/session/0588113d-b70a-4606-aa89-cb218a510778/element/00000000-0000-0026-ffff-ffff000006bf/click [39m[32m200[39m [90m779 ms - 14[39m
[35m[HTTP][39m [90m[39m
[35m[HTTP][39m [37m-->[39m [37mGET[39m [37m/wd/hub/session/0588113d-b70a-4606-aa89-cb218a510778/source[39m
[35m[HTTP][39m [90m{}[39m
[35m[W3C (0588113d)][39m Driver proxy active, passing request on via HTTP proxy
[35m[WD Proxy][39m Replacing sessionId f4fbb672-70fb-4e72-81c1-7e025b40e598 with 0588113d-b70a-4606-aa89-cb218a510778
[35m[HTTP][39m [37m<-- GET /wd/hub/session/0588113d-b70a-4606-aa89-cb218a510778/source [39m[32m200[39m [90m115 ms - 33376[39m
[35m[HTTP][39m [90m[39m
[35m[HTTP][39m [37m-->[39m [37mGET[39m [37m/wd/hub/session/0588113d-b70a-4606-aa89-cb218a510778/screenshot[39m
[35m[HTTP][39m [90m{}[39m
[35m[HTTP][39m [37m<-- GET /wd/hub/session/0588113d-b70a-4606-aa89-cb218a510778/screenshot [39m[32m200[39m [90m462 ms - 236468[39m
[35m[HTTP][39m [90m[39m
[35m[HTTP][39m [37m-->[39m [37mGET[39m [37m/wd/hub/session/0588113d-b70a-4606-aa89-cb218a510778/source[39m
[35m[HTTP][39m [90m{}[39m
[35m[W3C (0588113d)][39m Driver proxy active, passing request on via HTTP proxy
[35m[WD Proxy][39m Replacing sessionId f4fbb672-70fb-4e72-81c1-7e025b40e598 with 0588113d-b70a-4606-aa89-cb218a510778
[35m[HTTP][39m [37m<-- GET /wd/hub/session/0588113d-b70a-4606-aa89-cb218a510778/source [39m[32m200[39m [90m160 ms - 33377[39m
[35m[HTTP][39m [90m[39m
[35m[HTTP][39m [37m-->[39m [37mGET[39m [37m/wd/hub/session/0588113d-b70a-4606-aa89-cb218a510778/screenshot[39m
[35m[HTTP][39m [90m{}[39m
[35m[HTTP][39m [37m<-- GET /wd/hub/session/0588113d-b70a-4606-aa89-cb218a510778/screenshot [39m[32m200[39m [90m442 ms - 240204[39m
[35m[HTTP][39m [90m[39m
[35m[HTTP][39m [37m-->[39m [37mPOST[39m [37m/wd/hub/session/0588113d-b70a-4606-aa89-cb218a510778/elements[39m
[35m[HTTP][39m [90m{"using":"xpath","value":"//*[@class = 'android.view.ViewGroup' and (@text = '' or . = '')]"}[39m
[35m[HTTP][39m [37m<-- POST /wd/hub/session/0588113d-b70a-4606-aa89-cb218a510778/elements [39m[32m200[39m [90m213 ms - 4107[39m
[35m[HTTP][39m [90m[39m
[35m[HTTP][39m [37m-->[39m [37mPOST[39m [37m/wd/hub/session/0588113d-b70a-4606-aa89-cb218a510778/elements[39m
[35m[HTTP][39m [90m{"using":"-android uiautomator","value":"new UiSelector().className(\"android.view.ViewGroup\")"}[39m
[35m[HTTP][39m [37m<-- POST /wd/hub/session/0588113d-b70a-4606-aa89-cb218a510778/elements [39m[32m200[39m [90m140 ms - 4107[39m
[35m[HTTP][39m [90m[39m
[35m[HTTP][39m [37m-->[39m [37mGET[39m [37m/wd/hub/session/0588113d-b70a-4606-aa89-cb218a510778/window/rect[39m
[35m[HTTP][39m [90m{}[39m
[35m[HTTP][39m [37m<-- GET /wd/hub/session/0588113d-b70a-4606-aa89-cb218a510778/window/rect [39m[32m200[39m [90m18 ms - 50[39m
[35m[HTTP][39m [90m[39m
[35m[HTTP][39m [37m-->[39m [37mPOST[39m [37m/wd/hub/session/0588113d-b70a-4606-aa89-cb218a510778/elements[39m
[35m[HTTP][39m [90m{"using":"xpath","value":"//hierarchy/android.widget.FrameLayout[1]/android.widget.LinearLayout[1]/android.widget.FrameLayout[1]/android.widget.FrameLayout[1]/android.widget.FrameLayout[1]/android.widget.RelativeLayout[1]/android.view.ViewGroup[1]/android.view.ViewGroup[1]/android.view.ViewGroup[1]/androidx.drawerlayout.widget.DrawerLayout[1]/android.view.ViewGroup[1]/android.view.ViewGroup[1]/android.view.ViewGroup[1]/android.view.ViewGroup[2]/android.view.ViewGroup[1]/android.view.ViewGroup[1]/android.view.ViewGroup[1]/android.widget.RelativeLayout[1]/androidx.viewpager.widget.ViewPager[1]/android.widget.ScrollView[1]/android.view.ViewGroup[1]/android.view.ViewGroup[1]/android.view.ViewGroup[1]/android.widget.FrameLayout[5]/android.view.ViewGroup[1]"}[39m
[35m[HTTP][39m [37m<-- POST /wd/hub/session/0588113d-b70a-4606-aa89-cb218a510778/elements [39m[32m200[39m [90m102 ms - 139[39m
[35m[HTTP][39m [90m[39m
[35m[HTTP][39m [37m-->[39m [37mGET[39m [37m/wd/hub/session/0588113d-b70a-4606-aa89-cb218a510778/element/00000000-0000-0026-ffff-ffff000006c0/location[39m
[35m[HTTP][39m [90m{}[39m
[35m[W3C (0588113d)][39m Driver proxy active, passing request on via HTTP proxy
[35m[WD Proxy][39m Replacing sessionId f4fbb672-70fb-4e72-81c1-7e025b40e598 with 0588113d-b70a-4606-aa89-cb218a510778
[35m[HTTP][39m [37m<-- GET /wd/hub/session/0588113d-b70a-4606-aa89-cb218a510778/element/00000000-0000-0026-ffff-ffff000006c0/location [39m[32m200[39m [90m20 ms - 78[39m
[35m[HTTP][39m [90m[39m
[35m[HTTP][39m [37m-->[39m [37mPOST[39m [37m/wd/hub/session/0588113d-b70a-4606-aa89-cb218a510778/element/00000000-0000-0026-ffff-ffff000006c0/click[39m
[35m[HTTP][39m [90m{"id":"00000000-0000-0026-ffff-ffff000006c0"}[39m
[35m[HTTP][39m [37m<-- POST /wd/hub/session/0588113d-b70a-4606-aa89-cb218a510778/element/00000000-0000-0026-ffff-ffff000006c0/click [39m[32m200[39m [90m762 ms - 14[39m
[35m[HTTP][39m [90m[39m
[35m[HTTP][39m [37m-->[39m [37mGET[39m [37m/wd/hub/session/0588113d-b70a-4606-aa89-cb218a510778/source[39m
[35m[HTTP][39m [90m{}[39m
[35m[W3C (0588113d)][39m Driver proxy active, passing request on via HTTP proxy
[35m[WD Proxy][39m Replacing sessionId f4fbb672-70fb-4e72-81c1-7e025b40e598 with 0588113d-b70a-4606-aa89-cb218a510778
[35m[HTTP][39m [37m<-- GET /wd/hub/session/0588113d-b70a-4606-aa89-cb218a510778/source [39m[32m200[39m [90m104 ms - 33377[39m
[35m[HTTP][39m [90m[39m
[35m[HTTP][39m [37m-->[39m [37mGET[39m [37m/wd/hub/session/0588113d-b70a-4606-aa89-cb218a510778/screenshot[39m
[35m[HTTP][39m [90m{}[39m
[35m[HTTP][39m [37m<-- GET /wd/hub/session/0588113d-b70a-4606-aa89-cb218a510778/screenshot [39m[32m200[39m [90m428 ms - 237474[39m
[35m[HTTP][39m [90m[39m
[35m[HTTP][39m [37m-->[39m [37mDELETE[39m [37m/wd/hub/session/0588113d-b70a-4606-aa89-cb218a510778[39m
[35m[HTTP][39m [90m{}[39m
[35m[Appium][39m Removing session 0588113d-b70a-4606-aa89-cb218a510778 from our master session list
[35m[UiAutomator2][39m Restoring hidden api policy to the device default configuration
[35m[HTTP][39m [37m<-- DELETE /wd/hub/session/0588113d-b70a-4606-aa89-cb218a510778 [39m[32m200[39m [90m557 ms - 14[39m
[35m[HTTP][39m [90m[39m
